<?xml version="1.0" encoding="UTF-8"?>
<!-- Generated by org.testng.reporters.JUnitReportReporter -->
<testsuite skipped="0" hostname="DESKTOP-6NH46FF" name="com.crm.qa.test.LoginPageTest" tests="3" failures="0" timestamp="24 Apr 2020 07:30:59 GMT" time="66.868" errors="0">
  <testcase name="verifyLoginPageTitle" time="21.914" classname="com.crm.qa.test.LoginPageTest"/>
  <testcase name="crmLogoIsDisplayed" time="15.020" classname="com.crm.qa.test.LoginPageTest"/>
  <testcase name="loginTest" time="29.934" classname="com.crm.qa.test.LoginPageTest"/>
</testsuite> <!-- com.crm.qa.test.LoginPageTest -->
