<?xml version="1.0" encoding="UTF-8"?>
<!-- Generated by org.testng.reporters.JUnitReportReporter -->
<testsuite skipped="0" hostname="DESKTOP-6NH46FF" name="com.crm.qa.test.ContactsPageTest" tests="3" failures="0" timestamp="24 Apr 2020 07:17:55 GMT" time="111.459" errors="0">
  <testcase name="verifyContactsPageisDisplayed" time="30.594" classname="com.crm.qa.test.ContactsPageTest"/>
  <testcase name="clickOnCheckbox" time="36.273" classname="com.crm.qa.test.ContactsPageTest"/>
  <testcase name="validateCreateNewContact" time="44.592" classname="com.crm.qa.test.ContactsPageTest"/>
</testsuite> <!-- com.crm.qa.test.ContactsPageTest -->
