<?xml version="1.0" encoding="UTF-8"?>
<!-- Generated by org.testng.reporters.JUnitReportReporter -->
<testsuite skipped="0" hostname="DESKTOP-6NH46FF" name="com.crm.qa.test.LoginPageTest" tests="3" failures="0" timestamp="24 Apr 2020 07:17:55 GMT" time="74.503" errors="0">
  <testcase name="verifyLoginPageTitle" time="15.604" classname="com.crm.qa.test.LoginPageTest"/>
  <testcase name="crmLogoIsDisplayed" time="36.581" classname="com.crm.qa.test.LoginPageTest"/>
  <testcase name="loginTest" time="22.318" classname="com.crm.qa.test.LoginPageTest"/>
</testsuite> <!-- com.crm.qa.test.LoginPageTest -->
